<?xml version="1.0" encoding="UTF-8"?>
<!-- Generated by org.testng.reporters.JUnitXMLReporter -->
<testsuite ignored="0" hostname="DESKTOP-FAIDK7S" failures="0" tests="3" name="LoginTest" time="1.931" errors="0" timestamp="2021-09-13T11:12:39 CEST">
  <testcase classname="test.LoginTest" name="VerifyErrorMessageOnInvalidCredentials" time="0.0">
    <skipped/>
  </testcase> <!-- VerifyErrorMessageOnInvalidCredentials -->
  <testcase classname="test.LoginTest" name="VerifyValidLogin" time="0.0">
    <skipped/>
  </testcase> <!-- VerifyValidLogin -->
  <testcase classname="test.LoginTest" name="verifyErrorMessageOnBlank" time="0.0">
    <skipped/>
  </testcase> <!-- verifyErrorMessageOnBlank -->
</testsuite> <!-- LoginTest -->
